<?xml version="1.0" encoding="UTF-8"?>
<!-- Generated by org.testng.reporters.JUnitXMLReporter -->
<testsuite hostname="KMBN3078" ignored="6" name="Default test" tests="2" failures="0" timestamp="30 Sep 2019 06:53:18 GMT" time="0.02" errors="0">
  <testcase name="@BeforeSuite executionController" time="0.0" classname="STACore.staLauncher.STALauncher">
    <failure type="org.testng.TestNGException" message="
Parameter &amp;apos;appName&amp;apos; is required by BeforeSuite on method executionController but has not been marked @Optional or defined
in C:\Users\apradh10\AppData\Local\Temp\testng-eclipse--1802926506\testng-customsuite.xml">
      <![CDATA[org.testng.TestNGException: 
Parameter 'appName' is required by BeforeSuite on method executionController but has not been marked @Optional or defined
in C:\Users\apradh10\AppData\Local\Temp\testng-eclipse--1802926506\testng-customsuite.xml
at org.testng.internal.Parameters.createParams(Parameters.java:290)
at org.testng.internal.Parameters.createParametersForMethod(Parameters.java:359)
at org.testng.internal.Parameters.createParameters(Parameters.java:620)
at org.testng.internal.Parameters.createConfigurationParameters(Parameters.java:190)
at org.testng.internal.Invoker.invokeConfigurations(Invoker.java:209)
at org.testng.internal.Invoker.invokeConfigurations(Invoker.java:142)
at org.testng.SuiteRunner.privateRun(SuiteRunner.java:401)
at org.testng.SuiteRunner.run(SuiteRunner.java:364)
at org.testng.SuiteRunnerWorker.runSuite(SuiteRunnerWorker.java:52)
at org.testng.SuiteRunnerWorker.run(SuiteRunnerWorker.java:84)
at org.testng.TestNG.runSuitesSequentially(TestNG.java:1208)
at org.testng.TestNG.runSuitesLocally(TestNG.java:1137)
at org.testng.TestNG.runSuites(TestNG.java:1049)
at org.testng.TestNG.run(TestNG.java:1017)
at org.testng.remote.AbstractRemoteTestNG.run(AbstractRemoteTestNG.java:132)
at org.testng.remote.RemoteTestNG.initAndRun(RemoteTestNG.java:230)
at org.testng.remote.RemoteTestNG.main(RemoteTestNG.java:76)
]]>
    </failure>
  </testcase> <!-- @BeforeSuite executionController -->
  <testcase name="@BeforeTest LoadConfigData" time="0.0" classname="wallethub.utils.wallethubHelper_FB">
    <skipped/>
  </testcase> <!-- @BeforeTest LoadConfigData -->
  <testcase name="@BeforeTest LoadConfigData" time="0.0" classname="wallethub.utils.wallethubHelper_Insurance">
    <skipped/>
  </testcase> <!-- @BeforeTest LoadConfigData -->
  <testcase name="@AfterTest reRun" time="0.0" classname="STACore.staUtils.TestAnnotations">
    <skipped/>
  </testcase> <!-- @AfterTest reRun -->
  <testcase name="Review_InsuranceComment_Test" time="0.0" classname="wallethub.test.Insurance">
    <skipped/>
  </testcase> <!-- Review_InsuranceComment_Test -->
  <testcase name="Facebook_StatusPost_Test" time="0.0" classname="wallethub.test.facebook">
    <skipped/>
  </testcase> <!-- Facebook_StatusPost_Test -->
  <testcase name="@AfterTest reRun" time="0.0" classname="STACore.staUtils.TestAnnotations">
    <ignored/>
  </testcase> <!-- @AfterTest reRun -->
  <testcase name="@AfterTest reRun" time="0.0" classname="STACore.staUtils.TestAnnotations">
    <ignored/>
  </testcase> <!-- @AfterTest reRun -->
  <testcase name="@AfterTest reRun" time="0.0" classname="STACore.staUtils.TestAnnotations">
    <ignored/>
  </testcase> <!-- @AfterTest reRun -->
  <testcase name="@AfterTest reRun" time="0.0" classname="STACore.staUtils.TestAnnotations">
    <ignored/>
  </testcase> <!-- @AfterTest reRun -->
  <testcase name="@BeforeTest LoadConfigData" time="0.0" classname="wallethub.utils.wallethubHelper_FB">
    <ignored/>
  </testcase> <!-- @BeforeTest LoadConfigData -->
  <testcase name="@BeforeTest LoadConfigData" time="0.0" classname="wallethub.utils.wallethubHelper_Insurance">
    <ignored/>
  </testcase> <!-- @BeforeTest LoadConfigData -->
</testsuite> <!-- Default test -->
